<?xml version="1.0" encoding="UTF-8"?>
<!-- Generated by org.testng.reporters.JUnitReportReporter -->
<testsuite hostname="DESKTOP-47J06C1" failures="0" tests="1" name="com.mindtree.testcases.ContactUsTest" time="7.095" errors="0" timestamp="2022-05-23T13:21:06 IST" skipped="0">
  <testcase classname="com.mindtree.testcases.ContactUsTest" name="ContactPage" time="7.095"/>
  <system-out/>
</testsuite> <!-- com.mindtree.testcases.ContactUsTest -->
