<?xml version="1.0" encoding="UTF-8"?>
<!-- Generated by org.testng.reporters.JUnitReportReporter -->
<testsuite hostname="mindc1d271" failures="0" tests="1" name="com.mindtree.testcases.TrackOrderTest" time="10.719" errors="0" timestamp="2022-05-23T20:02:04 IST" skipped="0">
  <testcase classname="com.mindtree.testcases.TrackOrderTest" name="track" time="10.719"/>
  <system-out/>
</testsuite> <!-- com.mindtree.testcases.TrackOrderTest -->
