<?xml version="1.0" encoding="UTF-8"?>
<!-- Generated by org.testng.reporters.JUnitReportReporter -->
<testsuite hostname="mindc1d271" failures="0" tests="1" name="com.mindtree.testcases.LogoutTest" time="3.615" errors="0" timestamp="2022-05-27T11:54:14 IST" skipped="0">
  <testcase classname="com.mindtree.testcases.LogoutTest" name="Login" time="3.615"/>
  <system-out/>
</testsuite> <!-- com.mindtree.testcases.LogoutTest -->
