<?xml version="1.0" encoding="UTF-8"?>
<!-- Generated by org.testng.reporters.JUnitReportReporter -->
<testsuite hostname="DESKTOP-47J06C1" failures="0" tests="1" name="com.mindtree.testcases.AddToCartTest" time="5.649" errors="0" timestamp="2022-05-23T13:21:05 IST" skipped="0">
  <testcase classname="com.mindtree.testcases.AddToCartTest" name="AddCart" time="5.649"/>
  <system-out/>
</testsuite> <!-- com.mindtree.testcases.AddToCartTest -->
