<?xml version="1.0" encoding="UTF-8"?>
<!-- Generated by org.testng.reporters.JUnitReportReporter -->
<testsuite hostname="mindc1d271" failures="0" tests="1" name="com.mindtree.testcases.SelectProductTest" time="0.000" errors="0" timestamp="2022-05-31T13:50:49 IST" skipped="1">
  <testcase classname="com.mindtree.testcases.SelectProductTest" name="select" time="0.000">
    <skipped/>
  </testcase> <!-- select -->
  <system-out/>
</testsuite> <!-- com.mindtree.testcases.SelectProductTest -->
