<?xml version="1.0" encoding="UTF-8"?>
<!-- Generated by org.testng.reporters.JUnitReportReporter -->
<testsuite hostname="mindc1d271" failures="0" tests="1" name="com.mindtree.testcases.SignUpTest" time="0.000" errors="0" timestamp="2022-05-31T13:50:49 IST" skipped="1">
  <testcase classname="com.mindtree.testcases.SignUpTest" name="SignUP" time="0.000">
    <skipped/>
  </testcase> <!-- SignUP -->
  <system-out/>
</testsuite> <!-- com.mindtree.testcases.SignUpTest -->
