<?xml version="1.0" encoding="UTF-8"?>
<!-- Generated by org.testng.reporters.JUnitReportReporter -->
<testsuite hostname="mindc1d271" failures="0" tests="1" name="com.mindtree.testcases.LoginTest" time="8.410" errors="0" timestamp="2022-05-27T11:54:14 IST" skipped="0">
  <testcase classname="com.mindtree.testcases.LoginTest" name="Login" time="8.410"/>
  <system-out/>
</testsuite> <!-- com.mindtree.testcases.LoginTest -->
