<?xml version="1.0" encoding="UTF-8"?>
<!-- Generated by org.testng.reporters.JUnitReportReporter -->
<testsuite hostname="DESKTOP-47J06C1" failures="0" tests="1" name="com.mindtree.testcases.TrackOrderTest" time="6.941" errors="0" timestamp="2022-05-18T16:27:10 IST" skipped="0">
  <testcase classname="com.mindtree.testcases.TrackOrderTest" name="track" time="6.941"/>
  <system-out/>
</testsuite> <!-- com.mindtree.testcases.TrackOrderTest -->
