<?xml version="1.0" encoding="UTF-8"?>
<!-- Generated by org.testng.reporters.JUnitReportReporter -->
<testsuite hostname="DESKTOP-47J06C1" failures="0" tests="1" name="com.mindtree.testcases.SearchTest" time="4.888" errors="0" timestamp="2022-05-18T10:38:35 IST" skipped="0">
  <testcase classname="com.mindtree.testcases.SearchTest" name="Search" time="4.888"/>
  <system-out/>
</testsuite> <!-- com.mindtree.testcases.SearchTest -->
